2018-03-25 11:56:46 Error: [Cake\Routing\Exception\MissingControllerException] Controller class Uploads could not be found.
Exception Attributes: array (
  'class' => 'Uploads',
  'plugin' => false,
  'prefix' => false,
  '_ext' => false,
)
Request URL: /uploads/news/thumb/news_image_15178492978.png
Referer URL: http://localhost/learneron/
Stack Trace:
#0 C:\xampp\htdocs\learneron\vendor\cakephp\cakephp\src\Http\ControllerFactory.php(72): Cake\Http\ControllerFactory->missingController(Object(Cake\Network\Request))
#1 C:\xampp\htdocs\learneron\vendor\cakephp\cakephp\src\Http\ActionDispatcher.php(92): Cake\Http\ControllerFactory->create(Object(Cake\Network\Request), Object(Cake\Network\Response))
#2 C:\xampp\htdocs\learneron\vendor\cakephp\cakephp\src\Http\BaseApplication.php(83): Cake\Http\ActionDispatcher->dispatch(Object(Cake\Network\Request), Object(Cake\Network\Response))
#3 C:\xampp\htdocs\learneron\vendor\cakephp\cakephp\src\Http\Runner.php(65): Cake\Http\BaseApplication->__invoke(Object(Zend\Diactoros\ServerRequest), Object(Zend\Diactoros\Response), Object(Cake\Http\Runner))
#4 C:\xampp\htdocs\learneron\vendor\cakephp\cakephp\src\Routing\Middleware\RoutingMiddleware.php(62): Cake\Http\Runner->__invoke(Object(Zend\Diactoros\ServerRequest), Object(Zend\Diactoros\Response))
#5 C:\xampp\htdocs\learneron\vendor\cakephp\cakephp\src\Http\Runner.php(65): Cake\Routing\Middleware\RoutingMiddleware->__invoke(Object(Zend\Diactoros\ServerRequest), Object(Zend\Diactoros\Response), Object(Cake\Http\Runner))
#6 C:\xampp\htdocs\learneron\vendor\cakephp\cakephp\src\Routing\Middleware\AssetMiddleware.php(93): Cake\Http\Runner->__invoke(Object(Zend\Diactoros\ServerRequest), Object(Zend\Diactoros\Response))
#7 C:\xampp\htdocs\learneron\vendor\cakephp\cakephp\src\Http\Runner.php(65): Cake\Routing\Middleware\AssetMiddleware->__invoke(Object(Zend\Diactoros\ServerRequest), Object(Zend\Diactoros\Response), Object(Cake\Http\Runner))
#8 C:\xampp\htdocs\learneron\vendor\cakephp\cakephp\src\Error\Middleware\ErrorHandlerMiddleware.php(81): Cake\Http\Runner->__invoke(Object(Zend\Diactoros\ServerRequest), Object(Zend\Diactoros\Response))
#9 C:\xampp\htdocs\learneron\vendor\cakephp\cakephp\src\Http\Runner.php(65): Cake\Error\Middleware\ErrorHandlerMiddleware->__invoke(Object(Zend\Diactoros\ServerRequest), Object(Zend\Diactoros\Response), Object(Cake\Http\Runner))
#10 C:\xampp\htdocs\learneron\vendor\cakephp\cakephp\src\Http\Runner.php(51): Cake\Http\Runner->__invoke(Object(Zend\Diactoros\ServerRequest), Object(Zend\Diactoros\Response))
#11 C:\xampp\htdocs\learneron\vendor\cakephp\cakephp\src\Http\Server.php(90): Cake\Http\Runner->run(Object(Cake\Http\MiddlewareQueue), Object(Zend\Diactoros\ServerRequest), Object(Zend\Diactoros\Response))
#12 C:\xampp\htdocs\learneron\webroot\index.php(37): Cake\Http\Server->run()
#13 {main}


2018-03-25 11:56:48 Error: [Cake\Routing\Exception\MissingControllerException] Controller class Uploads could not be found.
Exception Attributes: array (
  'class' => 'Uploads',
  'plugin' => false,
  'prefix' => false,
  '_ext' => false,
)
Request URL: /uploads/news/thumb/news_image_15179464809.png
Referer URL: http://localhost/learneron/
Stack Trace:
#0 C:\xampp\htdocs\learneron\vendor\cakephp\cakephp\src\Http\ControllerFactory.php(72): Cake\Http\ControllerFactory->missingController(Object(Cake\Network\Request))
#1 C:\xampp\htdocs\learneron\vendor\cakephp\cakephp\src\Http\ActionDispatcher.php(92): Cake\Http\ControllerFactory->create(Object(Cake\Network\Request), Object(Cake\Network\Response))
#2 C:\xampp\htdocs\learneron\vendor\cakephp\cakephp\src\Http\BaseApplication.php(83): Cake\Http\ActionDispatcher->dispatch(Object(Cake\Network\Request), Object(Cake\Network\Response))
#3 C:\xampp\htdocs\learneron\vendor\cakephp\cakephp\src\Http\Runner.php(65): Cake\Http\BaseApplication->__invoke(Object(Zend\Diactoros\ServerRequest), Object(Zend\Diactoros\Response), Object(Cake\Http\Runner))
#4 C:\xampp\htdocs\learneron\vendor\cakephp\cakephp\src\Routing\Middleware\RoutingMiddleware.php(62): Cake\Http\Runner->__invoke(Object(Zend\Diactoros\ServerRequest), Object(Zend\Diactoros\Response))
#5 C:\xampp\htdocs\learneron\vendor\cakephp\cakephp\src\Http\Runner.php(65): Cake\Routing\Middleware\RoutingMiddleware->__invoke(Object(Zend\Diactoros\ServerRequest), Object(Zend\Diactoros\Response), Object(Cake\Http\Runner))
#6 C:\xampp\htdocs\learneron\vendor\cakephp\cakephp\src\Routing\Middleware\AssetMiddleware.php(93): Cake\Http\Runner->__invoke(Object(Zend\Diactoros\ServerRequest), Object(Zend\Diactoros\Response))
#7 C:\xampp\htdocs\learneron\vendor\cakephp\cakephp\src\Http\Runner.php(65): Cake\Routing\Middleware\AssetMiddleware->__invoke(Object(Zend\Diactoros\ServerRequest), Object(Zend\Diactoros\Response), Object(Cake\Http\Runner))
#8 C:\xampp\htdocs\learneron\vendor\cakephp\cakephp\src\Error\Middleware\ErrorHandlerMiddleware.php(81): Cake\Http\Runner->__invoke(Object(Zend\Diactoros\ServerRequest), Object(Zend\Diactoros\Response))
#9 C:\xampp\htdocs\learneron\vendor\cakephp\cakephp\src\Http\Runner.php(65): Cake\Error\Middleware\ErrorHandlerMiddleware->__invoke(Object(Zend\Diactoros\ServerRequest), Object(Zend\Diactoros\Response), Object(Cake\Http\Runner))
#10 C:\xampp\htdocs\learneron\vendor\cakephp\cakephp\src\Http\Runner.php(51): Cake\Http\Runner->__invoke(Object(Zend\Diactoros\ServerRequest), Object(Zend\Diactoros\Response))
#11 C:\xampp\htdocs\learneron\vendor\cakephp\cakephp\src\Http\Server.php(90): Cake\Http\Runner->run(Object(Cake\Http\MiddlewareQueue), Object(Zend\Diactoros\ServerRequest), Object(Zend\Diactoros\Response))
#12 C:\xampp\htdocs\learneron\webroot\index.php(37): Cake\Http\Server->run()
#13 {main}


2018-03-25 11:56:49 Error: [Cake\Routing\Exception\MissingControllerException] Controller class Uploads could not be found.
Exception Attributes: array (
  'class' => 'Uploads',
  'plugin' => false,
  'prefix' => false,
  '_ext' => false,
)
Request URL: /uploads/advertisement/thumb/advertise_151776909744.png
Referer URL: http://localhost/learneron/
Stack Trace:
#0 C:\xampp\htdocs\learneron\vendor\cakephp\cakephp\src\Http\ControllerFactory.php(72): Cake\Http\ControllerFactory->missingController(Object(Cake\Network\Request))
#1 C:\xampp\htdocs\learneron\vendor\cakephp\cakephp\src\Http\ActionDispatcher.php(92): Cake\Http\ControllerFactory->create(Object(Cake\Network\Request), Object(Cake\Network\Response))
#2 C:\xampp\htdocs\learneron\vendor\cakephp\cakephp\src\Http\BaseApplication.php(83): Cake\Http\ActionDispatcher->dispatch(Object(Cake\Network\Request), Object(Cake\Network\Response))
#3 C:\xampp\htdocs\learneron\vendor\cakephp\cakephp\src\Http\Runner.php(65): Cake\Http\BaseApplication->__invoke(Object(Zend\Diactoros\ServerRequest), Object(Zend\Diactoros\Response), Object(Cake\Http\Runner))
#4 C:\xampp\htdocs\learneron\vendor\cakephp\cakephp\src\Routing\Middleware\RoutingMiddleware.php(62): Cake\Http\Runner->__invoke(Object(Zend\Diactoros\ServerRequest), Object(Zend\Diactoros\Response))
#5 C:\xampp\htdocs\learneron\vendor\cakephp\cakephp\src\Http\Runner.php(65): Cake\Routing\Middleware\RoutingMiddleware->__invoke(Object(Zend\Diactoros\ServerRequest), Object(Zend\Diactoros\Response), Object(Cake\Http\Runner))
#6 C:\xampp\htdocs\learneron\vendor\cakephp\cakephp\src\Routing\Middleware\AssetMiddleware.php(93): Cake\Http\Runner->__invoke(Object(Zend\Diactoros\ServerRequest), Object(Zend\Diactoros\Response))
#7 C:\xampp\htdocs\learneron\vendor\cakephp\cakephp\src\Http\Runner.php(65): Cake\Routing\Middleware\AssetMiddleware->__invoke(Object(Zend\Diactoros\ServerRequest), Object(Zend\Diactoros\Response), Object(Cake\Http\Runner))
#8 C:\xampp\htdocs\learneron\vendor\cakephp\cakephp\src\Error\Middleware\ErrorHandlerMiddleware.php(81): Cake\Http\Runner->__invoke(Object(Zend\Diactoros\ServerRequest), Object(Zend\Diactoros\Response))
#9 C:\xampp\htdocs\learneron\vendor\cakephp\cakephp\src\Http\Runner.php(65): Cake\Error\Middleware\ErrorHandlerMiddleware->__invoke(Object(Zend\Diactoros\ServerRequest), Object(Zend\Diactoros\Response), Object(Cake\Http\Runner))
#10 C:\xampp\htdocs\learneron\vendor\cakephp\cakephp\src\Http\Runner.php(51): Cake\Http\Runner->__invoke(Object(Zend\Diactoros\ServerRequest), Object(Zend\Diactoros\Response))
#11 C:\xampp\htdocs\learneron\vendor\cakephp\cakephp\src\Http\Server.php(90): Cake\Http\Runner->run(Object(Cake\Http\MiddlewareQueue), Object(Zend\Diactoros\ServerRequest), Object(Zend\Diactoros\Response))
#12 C:\xampp\htdocs\learneron\webroot\index.php(37): Cake\Http\Server->run()
#13 {main}


2018-03-25 11:58:02 Error: [Cake\Routing\Exception\MissingControllerException] Controller class Uploads could not be found.
Exception Attributes: array (
  'class' => 'Uploads',
  'plugin' => false,
  'prefix' => false,
  '_ext' => false,
)
Request URL: /uploads/user_profile_pic/thumb/profile_15191529400.jpg
Referer URL: http://localhost/learneron/admin/users/list-data
Stack Trace:
#0 C:\xampp\htdocs\learneron\vendor\cakephp\cakephp\src\Http\ControllerFactory.php(72): Cake\Http\ControllerFactory->missingController(Object(Cake\Network\Request))
#1 C:\xampp\htdocs\learneron\vendor\cakephp\cakephp\src\Http\ActionDispatcher.php(92): Cake\Http\ControllerFactory->create(Object(Cake\Network\Request), Object(Cake\Network\Response))
#2 C:\xampp\htdocs\learneron\vendor\cakephp\cakephp\src\Http\BaseApplication.php(83): Cake\Http\ActionDispatcher->dispatch(Object(Cake\Network\Request), Object(Cake\Network\Response))
#3 C:\xampp\htdocs\learneron\vendor\cakephp\cakephp\src\Http\Runner.php(65): Cake\Http\BaseApplication->__invoke(Object(Zend\Diactoros\ServerRequest), Object(Zend\Diactoros\Response), Object(Cake\Http\Runner))
#4 C:\xampp\htdocs\learneron\vendor\cakephp\cakephp\src\Routing\Middleware\RoutingMiddleware.php(62): Cake\Http\Runner->__invoke(Object(Zend\Diactoros\ServerRequest), Object(Zend\Diactoros\Response))
#5 C:\xampp\htdocs\learneron\vendor\cakephp\cakephp\src\Http\Runner.php(65): Cake\Routing\Middleware\RoutingMiddleware->__invoke(Object(Zend\Diactoros\ServerRequest), Object(Zend\Diactoros\Response), Object(Cake\Http\Runner))
#6 C:\xampp\htdocs\learneron\vendor\cakephp\cakephp\src\Routing\Middleware\AssetMiddleware.php(93): Cake\Http\Runner->__invoke(Object(Zend\Diactoros\ServerRequest), Object(Zend\Diactoros\Response))
#7 C:\xampp\htdocs\learneron\vendor\cakephp\cakephp\src\Http\Runner.php(65): Cake\Routing\Middleware\AssetMiddleware->__invoke(Object(Zend\Diactoros\ServerRequest), Object(Zend\Diactoros\Response), Object(Cake\Http\Runner))
#8 C:\xampp\htdocs\learneron\vendor\cakephp\cakephp\src\Error\Middleware\ErrorHandlerMiddleware.php(81): Cake\Http\Runner->__invoke(Object(Zend\Diactoros\ServerRequest), Object(Zend\Diactoros\Response))
#9 C:\xampp\htdocs\learneron\vendor\cakephp\cakephp\src\Http\Runner.php(65): Cake\Error\Middleware\ErrorHandlerMiddleware->__invoke(Object(Zend\Diactoros\ServerRequest), Object(Zend\Diactoros\Response), Object(Cake\Http\Runner))
#10 C:\xampp\htdocs\learneron\vendor\cakephp\cakephp\src\Http\Runner.php(51): Cake\Http\Runner->__invoke(Object(Zend\Diactoros\ServerRequest), Object(Zend\Diactoros\Response))
#11 C:\xampp\htdocs\learneron\vendor\cakephp\cakephp\src\Http\Server.php(90): Cake\Http\Runner->run(Object(Cake\Http\MiddlewareQueue), Object(Zend\Diactoros\ServerRequest), Object(Zend\Diactoros\Response))
#12 C:\xampp\htdocs\learneron\webroot\index.php(37): Cake\Http\Server->run()
#13 {main}


2018-03-25 11:58:03 Error: [Cake\Routing\Exception\MissingControllerException] Controller class Uploads could not be found.
Exception Attributes: array (
  'class' => 'Uploads',
  'plugin' => false,
  'prefix' => false,
  '_ext' => false,
)
Request URL: /uploads/user_profile_pic/thumb/profile_15188869296.jpg
Referer URL: http://localhost/learneron/admin/users/list-data
Stack Trace:
#0 C:\xampp\htdocs\learneron\vendor\cakephp\cakephp\src\Http\ControllerFactory.php(72): Cake\Http\ControllerFactory->missingController(Object(Cake\Network\Request))
#1 C:\xampp\htdocs\learneron\vendor\cakephp\cakephp\src\Http\ActionDispatcher.php(92): Cake\Http\ControllerFactory->create(Object(Cake\Network\Request), Object(Cake\Network\Response))
#2 C:\xampp\htdocs\learneron\vendor\cakephp\cakephp\src\Http\BaseApplication.php(83): Cake\Http\ActionDispatcher->dispatch(Object(Cake\Network\Request), Object(Cake\Network\Response))
#3 C:\xampp\htdocs\learneron\vendor\cakephp\cakephp\src\Http\Runner.php(65): Cake\Http\BaseApplication->__invoke(Object(Zend\Diactoros\ServerRequest), Object(Zend\Diactoros\Response), Object(Cake\Http\Runner))
#4 C:\xampp\htdocs\learneron\vendor\cakephp\cakephp\src\Routing\Middleware\RoutingMiddleware.php(62): Cake\Http\Runner->__invoke(Object(Zend\Diactoros\ServerRequest), Object(Zend\Diactoros\Response))
#5 C:\xampp\htdocs\learneron\vendor\cakephp\cakephp\src\Http\Runner.php(65): Cake\Routing\Middleware\RoutingMiddleware->__invoke(Object(Zend\Diactoros\ServerRequest), Object(Zend\Diactoros\Response), Object(Cake\Http\Runner))
#6 C:\xampp\htdocs\learneron\vendor\cakephp\cakephp\src\Routing\Middleware\AssetMiddleware.php(93): Cake\Http\Runner->__invoke(Object(Zend\Diactoros\ServerRequest), Object(Zend\Diactoros\Response))
#7 C:\xampp\htdocs\learneron\vendor\cakephp\cakephp\src\Http\Runner.php(65): Cake\Routing\Middleware\AssetMiddleware->__invoke(Object(Zend\Diactoros\ServerRequest), Object(Zend\Diactoros\Response), Object(Cake\Http\Runner))
#8 C:\xampp\htdocs\learneron\vendor\cakephp\cakephp\src\Error\Middleware\ErrorHandlerMiddleware.php(81): Cake\Http\Runner->__invoke(Object(Zend\Diactoros\ServerRequest), Object(Zend\Diactoros\Response))
#9 C:\xampp\htdocs\learneron\vendor\cakephp\cakephp\src\Http\Runner.php(65): Cake\Error\Middleware\ErrorHandlerMiddleware->__invoke(Object(Zend\Diactoros\ServerRequest), Object(Zend\Diactoros\Response), Object(Cake\Http\Runner))
#10 C:\xampp\htdocs\learneron\vendor\cakephp\cakephp\src\Http\Runner.php(51): Cake\Http\Runner->__invoke(Object(Zend\Diactoros\ServerRequest), Object(Zend\Diactoros\Response))
#11 C:\xampp\htdocs\learneron\vendor\cakephp\cakephp\src\Http\Server.php(90): Cake\Http\Runner->run(Object(Cake\Http\MiddlewareQueue), Object(Zend\Diactoros\ServerRequest), Object(Zend\Diactoros\Response))
#12 C:\xampp\htdocs\learneron\webroot\index.php(37): Cake\Http\Server->run()
#13 {main}


2018-03-25 11:58:03 Error: [Cake\Routing\Exception\MissingControllerException] Controller class Uploads could not be found.
Exception Attributes: array (
  'class' => 'Uploads',
  'plugin' => false,
  'prefix' => false,
  '_ext' => false,
)
Request URL: /uploads/user_profile_pic/thumb/profile_15191477001.jpg
Referer URL: http://localhost/learneron/admin/users/list-data
Stack Trace:
#0 C:\xampp\htdocs\learneron\vendor\cakephp\cakephp\src\Http\ControllerFactory.php(72): Cake\Http\ControllerFactory->missingController(Object(Cake\Network\Request))
#1 C:\xampp\htdocs\learneron\vendor\cakephp\cakephp\src\Http\ActionDispatcher.php(92): Cake\Http\ControllerFactory->create(Object(Cake\Network\Request), Object(Cake\Network\Response))
#2 C:\xampp\htdocs\learneron\vendor\cakephp\cakephp\src\Http\BaseApplication.php(83): Cake\Http\ActionDispatcher->dispatch(Object(Cake\Network\Request), Object(Cake\Network\Response))
#3 C:\xampp\htdocs\learneron\vendor\cakephp\cakephp\src\Http\Runner.php(65): Cake\Http\BaseApplication->__invoke(Object(Zend\Diactoros\ServerRequest), Object(Zend\Diactoros\Response), Object(Cake\Http\Runner))
#4 C:\xampp\htdocs\learneron\vendor\cakephp\cakephp\src\Routing\Middleware\RoutingMiddleware.php(62): Cake\Http\Runner->__invoke(Object(Zend\Diactoros\ServerRequest), Object(Zend\Diactoros\Response))
#5 C:\xampp\htdocs\learneron\vendor\cakephp\cakephp\src\Http\Runner.php(65): Cake\Routing\Middleware\RoutingMiddleware->__invoke(Object(Zend\Diactoros\ServerRequest), Object(Zend\Diactoros\Response), Object(Cake\Http\Runner))
#6 C:\xampp\htdocs\learneron\vendor\cakephp\cakephp\src\Routing\Middleware\AssetMiddleware.php(93): Cake\Http\Runner->__invoke(Object(Zend\Diactoros\ServerRequest), Object(Zend\Diactoros\Response))
#7 C:\xampp\htdocs\learneron\vendor\cakephp\cakephp\src\Http\Runner.php(65): Cake\Routing\Middleware\AssetMiddleware->__invoke(Object(Zend\Diactoros\ServerRequest), Object(Zend\Diactoros\Response), Object(Cake\Http\Runner))
#8 C:\xampp\htdocs\learneron\vendor\cakephp\cakephp\src\Error\Middleware\ErrorHandlerMiddleware.php(81): Cake\Http\Runner->__invoke(Object(Zend\Diactoros\ServerRequest), Object(Zend\Diactoros\Response))
#9 C:\xampp\htdocs\learneron\vendor\cakephp\cakephp\src\Http\Runner.php(65): Cake\Error\Middleware\ErrorHandlerMiddleware->__invoke(Object(Zend\Diactoros\ServerRequest), Object(Zend\Diactoros\Response), Object(Cake\Http\Runner))
#10 C:\xampp\htdocs\learneron\vendor\cakephp\cakephp\src\Http\Runner.php(51): Cake\Http\Runner->__invoke(Object(Zend\Diactoros\ServerRequest), Object(Zend\Diactoros\Response))
#11 C:\xampp\htdocs\learneron\vendor\cakephp\cakephp\src\Http\Server.php(90): Cake\Http\Runner->run(Object(Cake\Http\MiddlewareQueue), Object(Zend\Diactoros\ServerRequest), Object(Zend\Diactoros\Response))
#12 C:\xampp\htdocs\learneron\webroot\index.php(37): Cake\Http\Server->run()
#13 {main}


2018-03-25 11:58:04 Error: [Cake\Routing\Exception\MissingControllerException] Controller class Uploads could not be found.
Exception Attributes: array (
  'class' => 'Uploads',
  'plugin' => false,
  'prefix' => false,
  '_ext' => false,
)
Request URL: /uploads/user_profile_pic/thumb/profile_15188869676.jpg
Referer URL: http://localhost/learneron/admin/users/list-data
Stack Trace:
#0 C:\xampp\htdocs\learneron\vendor\cakephp\cakephp\src\Http\ControllerFactory.php(72): Cake\Http\ControllerFactory->missingController(Object(Cake\Network\Request))
#1 C:\xampp\htdocs\learneron\vendor\cakephp\cakephp\src\Http\ActionDispatcher.php(92): Cake\Http\ControllerFactory->create(Object(Cake\Network\Request), Object(Cake\Network\Response))
#2 C:\xampp\htdocs\learneron\vendor\cakephp\cakephp\src\Http\BaseApplication.php(83): Cake\Http\ActionDispatcher->dispatch(Object(Cake\Network\Request), Object(Cake\Network\Response))
#3 C:\xampp\htdocs\learneron\vendor\cakephp\cakephp\src\Http\Runner.php(65): Cake\Http\BaseApplication->__invoke(Object(Zend\Diactoros\ServerRequest), Object(Zend\Diactoros\Response), Object(Cake\Http\Runner))
#4 C:\xampp\htdocs\learneron\vendor\cakephp\cakephp\src\Routing\Middleware\RoutingMiddleware.php(62): Cake\Http\Runner->__invoke(Object(Zend\Diactoros\ServerRequest), Object(Zend\Diactoros\Response))
#5 C:\xampp\htdocs\learneron\vendor\cakephp\cakephp\src\Http\Runner.php(65): Cake\Routing\Middleware\RoutingMiddleware->__invoke(Object(Zend\Diactoros\ServerRequest), Object(Zend\Diactoros\Response), Object(Cake\Http\Runner))
#6 C:\xampp\htdocs\learneron\vendor\cakephp\cakephp\src\Routing\Middleware\AssetMiddleware.php(93): Cake\Http\Runner->__invoke(Object(Zend\Diactoros\ServerRequest), Object(Zend\Diactoros\Response))
#7 C:\xampp\htdocs\learneron\vendor\cakephp\cakephp\src\Http\Runner.php(65): Cake\Routing\Middleware\AssetMiddleware->__invoke(Object(Zend\Diactoros\ServerRequest), Object(Zend\Diactoros\Response), Object(Cake\Http\Runner))
#8 C:\xampp\htdocs\learneron\vendor\cakephp\cakephp\src\Error\Middleware\ErrorHandlerMiddleware.php(81): Cake\Http\Runner->__invoke(Object(Zend\Diactoros\ServerRequest), Object(Zend\Diactoros\Response))
#9 C:\xampp\htdocs\learneron\vendor\cakephp\cakephp\src\Http\Runner.php(65): Cake\Error\Middleware\ErrorHandlerMiddleware->__invoke(Object(Zend\Diactoros\ServerRequest), Object(Zend\Diactoros\Response), Object(Cake\Http\Runner))
#10 C:\xampp\htdocs\learneron\vendor\cakephp\cakephp\src\Http\Runner.php(51): Cake\Http\Runner->__invoke(Object(Zend\Diactoros\ServerRequest), Object(Zend\Diactoros\Response))
#11 C:\xampp\htdocs\learneron\vendor\cakephp\cakephp\src\Http\Server.php(90): Cake\Http\Runner->run(Object(Cake\Http\MiddlewareQueue), Object(Zend\Diactoros\ServerRequest), Object(Zend\Diactoros\Response))
#12 C:\xampp\htdocs\learneron\webroot\index.php(37): Cake\Http\Server->run()
#13 {main}


2018-03-25 11:58:04 Error: [Cake\Routing\Exception\MissingControllerException] Controller class Uploads could not be found.
Exception Attributes: array (
  'class' => 'Uploads',
  'plugin' => false,
  'prefix' => false,
  '_ext' => false,
)
Request URL: /uploads/user_profile_pic/thumb/profile_15191528210.jpg
Referer URL: http://localhost/learneron/admin/users/list-data
Stack Trace:
#0 C:\xampp\htdocs\learneron\vendor\cakephp\cakephp\src\Http\ControllerFactory.php(72): Cake\Http\ControllerFactory->missingController(Object(Cake\Network\Request))
#1 C:\xampp\htdocs\learneron\vendor\cakephp\cakephp\src\Http\ActionDispatcher.php(92): Cake\Http\ControllerFactory->create(Object(Cake\Network\Request), Object(Cake\Network\Response))
#2 C:\xampp\htdocs\learneron\vendor\cakephp\cakephp\src\Http\BaseApplication.php(83): Cake\Http\ActionDispatcher->dispatch(Object(Cake\Network\Request), Object(Cake\Network\Response))
#3 C:\xampp\htdocs\learneron\vendor\cakephp\cakephp\src\Http\Runner.php(65): Cake\Http\BaseApplication->__invoke(Object(Zend\Diactoros\ServerRequest), Object(Zend\Diactoros\Response), Object(Cake\Http\Runner))
#4 C:\xampp\htdocs\learneron\vendor\cakephp\cakephp\src\Routing\Middleware\RoutingMiddleware.php(62): Cake\Http\Runner->__invoke(Object(Zend\Diactoros\ServerRequest), Object(Zend\Diactoros\Response))
#5 C:\xampp\htdocs\learneron\vendor\cakephp\cakephp\src\Http\Runner.php(65): Cake\Routing\Middleware\RoutingMiddleware->__invoke(Object(Zend\Diactoros\ServerRequest), Object(Zend\Diactoros\Response), Object(Cake\Http\Runner))
#6 C:\xampp\htdocs\learneron\vendor\cakephp\cakephp\src\Routing\Middleware\AssetMiddleware.php(93): Cake\Http\Runner->__invoke(Object(Zend\Diactoros\ServerRequest), Object(Zend\Diactoros\Response))
#7 C:\xampp\htdocs\learneron\vendor\cakephp\cakephp\src\Http\Runner.php(65): Cake\Routing\Middleware\AssetMiddleware->__invoke(Object(Zend\Diactoros\ServerRequest), Object(Zend\Diactoros\Response), Object(Cake\Http\Runner))
#8 C:\xampp\htdocs\learneron\vendor\cakephp\cakephp\src\Error\Middleware\ErrorHandlerMiddleware.php(81): Cake\Http\Runner->__invoke(Object(Zend\Diactoros\ServerRequest), Object(Zend\Diactoros\Response))
#9 C:\xampp\htdocs\learneron\vendor\cakephp\cakephp\src\Http\Runner.php(65): Cake\Error\Middleware\ErrorHandlerMiddleware->__invoke(Object(Zend\Diactoros\ServerRequest), Object(Zend\Diactoros\Response), Object(Cake\Http\Runner))
#10 C:\xampp\htdocs\learneron\vendor\cakephp\cakephp\src\Http\Runner.php(51): Cake\Http\Runner->__invoke(Object(Zend\Diactoros\ServerRequest), Object(Zend\Diactoros\Response))
#11 C:\xampp\htdocs\learneron\vendor\cakephp\cakephp\src\Http\Server.php(90): Cake\Http\Runner->run(Object(Cake\Http\MiddlewareQueue), Object(Zend\Diactoros\ServerRequest), Object(Zend\Diactoros\Response))
#12 C:\xampp\htdocs\learneron\webroot\index.php(37): Cake\Http\Server->run()
#13 {main}


2018-03-25 12:03:29 Error: [Cake\Network\Exception\SocketException] Could not send email: mail() [<a href='http://php.net/function.mail'>function.mail</a>]: Failed to connect to mailserver at &quot;localhost&quot; port 25, verify your &quot;SMTP&quot; and &quot;smtp_port&quot; setting in php.ini or use ini_set()
Request URL: /questions/post-question-submission/
Referer URL: http://localhost/learneron/post-question
Stack Trace:
#0 C:\xampp\htdocs\learneron\vendor\cakephp\cakephp\src\Mailer\Transport\MailTransport.php(54): Cake\Mailer\Transport\MailTransport->_mail('100websolution@...', 'LearnerOn Notif...', '<!DOCTYPE html ...', 'From: LearnerOn...', NULL)
#1 C:\xampp\htdocs\learneron\vendor\cakephp\debug_kit\src\Mailer\Transport\DebugKitTransport.php(79): Cake\Mailer\Transport\MailTransport->send(Object(Cake\Mailer\Email))
#2 C:\xampp\htdocs\learneron\vendor\cakephp\cakephp\src\Mailer\Email.php(1344): DebugKit\Mailer\Transport\DebugKitTransport->send(Object(Cake\Mailer\Email))
#3 C:\xampp\htdocs\learneron\src\Controller\Component\EmailComponent.php(160): Cake\Mailer\Email->send()
#4 C:\xampp\htdocs\learneron\src\Controller\QuestionsController.php(83): App\Controller\Component\EmailComponent::sendPostQuestionNotificationEmailToAllUsers(Object(Cake\ORM\Entity), 'http://localhos...', Object(Cake\ORM\Entity), 'gdfgd dfg', Array, 'Post Question')
#5 [internal function]: App\Controller\QuestionsController->postQuestionSubmission()
#6 C:\xampp\htdocs\learneron\vendor\cakephp\cakephp\src\Controller\Controller.php(435): call_user_func_array(Array, Array)
#7 C:\xampp\htdocs\learneron\vendor\cakephp\cakephp\src\Http\ActionDispatcher.php(121): Cake\Controller\Controller->invokeAction()
#8 C:\xampp\htdocs\learneron\vendor\cakephp\cakephp\src\Http\ActionDispatcher.php(95): Cake\Http\ActionDispatcher->_invoke(Object(App\Controller\QuestionsController))
#9 C:\xampp\htdocs\learneron\vendor\cakephp\cakephp\src\Http\BaseApplication.php(83): Cake\Http\ActionDispatcher->dispatch(Object(Cake\Network\Request), Object(Cake\Network\Response))
#10 C:\xampp\htdocs\learneron\vendor\cakephp\cakephp\src\Http\Runner.php(65): Cake\Http\BaseApplication->__invoke(Object(Zend\Diactoros\ServerRequest), Object(Zend\Diactoros\Response), Object(Cake\Http\Runner))
#11 C:\xampp\htdocs\learneron\vendor\cakephp\cakephp\src\Routing\Middleware\RoutingMiddleware.php(62): Cake\Http\Runner->__invoke(Object(Zend\Diactoros\ServerRequest), Object(Zend\Diactoros\Response))
#12 C:\xampp\htdocs\learneron\vendor\cakephp\cakephp\src\Http\Runner.php(65): Cake\Routing\Middleware\RoutingMiddleware->__invoke(Object(Zend\Diactoros\ServerRequest), Object(Zend\Diactoros\Response), Object(Cake\Http\Runner))
#13 C:\xampp\htdocs\learneron\vendor\cakephp\cakephp\src\Routing\Middleware\AssetMiddleware.php(88): Cake\Http\Runner->__invoke(Object(Zend\Diactoros\ServerRequest), Object(Zend\Diactoros\Response))
#14 C:\xampp\htdocs\learneron\vendor\cakephp\cakephp\src\Http\Runner.php(65): Cake\Routing\Middleware\AssetMiddleware->__invoke(Object(Zend\Diactoros\ServerRequest), Object(Zend\Diactoros\Response), Object(Cake\Http\Runner))
#15 C:\xampp\htdocs\learneron\vendor\cakephp\cakephp\src\Error\Middleware\ErrorHandlerMiddleware.php(81): Cake\Http\Runner->__invoke(Object(Zend\Diactoros\ServerRequest), Object(Zend\Diactoros\Response))
#16 C:\xampp\htdocs\learneron\vendor\cakephp\cakephp\src\Http\Runner.php(65): Cake\Error\Middleware\ErrorHandlerMiddleware->__invoke(Object(Zend\Diactoros\ServerRequest), Object(Zend\Diactoros\Response), Object(Cake\Http\Runner))
#17 C:\xampp\htdocs\learneron\vendor\cakephp\cakephp\src\Http\Runner.php(51): Cake\Http\Runner->__invoke(Object(Zend\Diactoros\ServerRequest), Object(Zend\Diactoros\Response))
#18 C:\xampp\htdocs\learneron\vendor\cakephp\cakephp\src\Http\Server.php(90): Cake\Http\Runner->run(Object(Cake\Http\MiddlewareQueue), Object(Zend\Diactoros\ServerRequest), Object(Zend\Diactoros\Response))
#19 C:\xampp\htdocs\learneron\webroot\index.php(37): Cake\Http\Server->run()
#20 {main}


2018-03-25 12:03:29 Warning: Warning (512): Unable to emit headers. Headers sent in file=C:\xampp\htdocs\learneron\vendor\cakephp\cakephp\src\Error\Debugger.php line=754 in [C:\xampp\htdocs\learneron\vendor\cakephp\cakephp\src\Http\ResponseEmitter.php, line 48]
Request URL: /learneron/questions/post-question-submission/
Referer URL: http://localhost/learneron/post-question
Trace:
Cake\Error\BaseErrorHandler::handleError() - CORE\src\Error\BaseErrorHandler.php, line 146
Cake\Http\ResponseEmitter::emit() - CORE\src\Http\ResponseEmitter.php, line 48
Cake\Http\Server::emit() - CORE\src\Http\Server.php, line 116
[main] - ROOT\webroot\index.php, line 37



2018-03-25 12:03:29 Warning: Warning (2): Cannot modify header information - headers already sent by (output started at C:\xampp\htdocs\learneron\vendor\cakephp\cakephp\src\Error\Debugger.php:754) in [C:\xampp\htdocs\learneron\vendor\cakephp\cakephp\src\Http\ResponseEmitter.php, line 146]
Request URL: /learneron/questions/post-question-submission/
Referer URL: http://localhost/learneron/post-question
Trace:
Cake\Error\BaseErrorHandler::handleError() - CORE\src\Error\BaseErrorHandler.php, line 146
header - [internal], line ??
Cake\Http\ResponseEmitter::emitStatusLine() - CORE\src\Http\ResponseEmitter.php, line 146
Cake\Http\ResponseEmitter::emit() - CORE\src\Http\ResponseEmitter.php, line 54
Cake\Http\Server::emit() - CORE\src\Http\Server.php, line 116
[main] - ROOT\webroot\index.php, line 37



2018-03-25 12:03:29 Warning: Warning (2): Cannot modify header information - headers already sent by (output started at C:\xampp\htdocs\learneron\vendor\cakephp\cakephp\src\Error\Debugger.php:754) in [C:\xampp\htdocs\learneron\vendor\cakephp\cakephp\src\Http\ResponseEmitter.php, line 173]
Request URL: /learneron/questions/post-question-submission/
Referer URL: http://localhost/learneron/post-question
Trace:
Cake\Error\BaseErrorHandler::handleError() - CORE\src\Error\BaseErrorHandler.php, line 146
header - [internal], line ??
Cake\Http\ResponseEmitter::emitHeaders() - CORE\src\Http\ResponseEmitter.php, line 173
Cake\Http\ResponseEmitter::emit() - CORE\src\Http\ResponseEmitter.php, line 55
Cake\Http\Server::emit() - CORE\src\Http\Server.php, line 116
[main] - ROOT\webroot\index.php, line 37



2018-03-25 12:03:43 Error: [Cake\Network\Exception\SocketException] Could not send email: mail() [<a href='http://php.net/function.mail'>function.mail</a>]: Failed to connect to mailserver at &quot;localhost&quot; port 25, verify your &quot;SMTP&quot; and &quot;smtp_port&quot; setting in php.ini or use ini_set()
Request URL: /questions/post-question-submission/
Referer URL: http://localhost/learneron/post-question
Stack Trace:
#0 C:\xampp\htdocs\learneron\vendor\cakephp\cakephp\src\Mailer\Transport\MailTransport.php(54): Cake\Mailer\Transport\MailTransport->_mail('100websolution@...', 'LearnerOn Notif...', '<!DOCTYPE html ...', 'From: LearnerOn...', NULL)
#1 C:\xampp\htdocs\learneron\vendor\cakephp\debug_kit\src\Mailer\Transport\DebugKitTransport.php(79): Cake\Mailer\Transport\MailTransport->send(Object(Cake\Mailer\Email))
#2 C:\xampp\htdocs\learneron\vendor\cakephp\cakephp\src\Mailer\Email.php(1344): DebugKit\Mailer\Transport\DebugKitTransport->send(Object(Cake\Mailer\Email))
#3 C:\xampp\htdocs\learneron\src\Controller\Component\EmailComponent.php(160): Cake\Mailer\Email->send()
#4 C:\xampp\htdocs\learneron\src\Controller\QuestionsController.php(83): App\Controller\Component\EmailComponent::sendPostQuestionNotificationEmailToAllUsers(Object(Cake\ORM\Entity), 'http://localhos...', Object(Cake\ORM\Entity), 'gdfgd dfg', Array, 'Post Question')
#5 [internal function]: App\Controller\QuestionsController->postQuestionSubmission()
#6 C:\xampp\htdocs\learneron\vendor\cakephp\cakephp\src\Controller\Controller.php(435): call_user_func_array(Array, Array)
#7 C:\xampp\htdocs\learneron\vendor\cakephp\cakephp\src\Http\ActionDispatcher.php(121): Cake\Controller\Controller->invokeAction()
#8 C:\xampp\htdocs\learneron\vendor\cakephp\cakephp\src\Http\ActionDispatcher.php(95): Cake\Http\ActionDispatcher->_invoke(Object(App\Controller\QuestionsController))
#9 C:\xampp\htdocs\learneron\vendor\cakephp\cakephp\src\Http\BaseApplication.php(83): Cake\Http\ActionDispatcher->dispatch(Object(Cake\Network\Request), Object(Cake\Network\Response))
#10 C:\xampp\htdocs\learneron\vendor\cakephp\cakephp\src\Http\Runner.php(65): Cake\Http\BaseApplication->__invoke(Object(Zend\Diactoros\ServerRequest), Object(Zend\Diactoros\Response), Object(Cake\Http\Runner))
#11 C:\xampp\htdocs\learneron\vendor\cakephp\cakephp\src\Routing\Middleware\RoutingMiddleware.php(62): Cake\Http\Runner->__invoke(Object(Zend\Diactoros\ServerRequest), Object(Zend\Diactoros\Response))
#12 C:\xampp\htdocs\learneron\vendor\cakephp\cakephp\src\Http\Runner.php(65): Cake\Routing\Middleware\RoutingMiddleware->__invoke(Object(Zend\Diactoros\ServerRequest), Object(Zend\Diactoros\Response), Object(Cake\Http\Runner))
#13 C:\xampp\htdocs\learneron\vendor\cakephp\cakephp\src\Routing\Middleware\AssetMiddleware.php(88): Cake\Http\Runner->__invoke(Object(Zend\Diactoros\ServerRequest), Object(Zend\Diactoros\Response))
#14 C:\xampp\htdocs\learneron\vendor\cakephp\cakephp\src\Http\Runner.php(65): Cake\Routing\Middleware\AssetMiddleware->__invoke(Object(Zend\Diactoros\ServerRequest), Object(Zend\Diactoros\Response), Object(Cake\Http\Runner))
#15 C:\xampp\htdocs\learneron\vendor\cakephp\cakephp\src\Error\Middleware\ErrorHandlerMiddleware.php(81): Cake\Http\Runner->__invoke(Object(Zend\Diactoros\ServerRequest), Object(Zend\Diactoros\Response))
#16 C:\xampp\htdocs\learneron\vendor\cakephp\cakephp\src\Http\Runner.php(65): Cake\Error\Middleware\ErrorHandlerMiddleware->__invoke(Object(Zend\Diactoros\ServerRequest), Object(Zend\Diactoros\Response), Object(Cake\Http\Runner))
#17 C:\xampp\htdocs\learneron\vendor\cakephp\cakephp\src\Http\Runner.php(51): Cake\Http\Runner->__invoke(Object(Zend\Diactoros\ServerRequest), Object(Zend\Diactoros\Response))
#18 C:\xampp\htdocs\learneron\vendor\cakephp\cakephp\src\Http\Server.php(90): Cake\Http\Runner->run(Object(Cake\Http\MiddlewareQueue), Object(Zend\Diactoros\ServerRequest), Object(Zend\Diactoros\Response))
#19 C:\xampp\htdocs\learneron\webroot\index.php(37): Cake\Http\Server->run()
#20 {main}


2018-03-25 12:03:43 Warning: Warning (512): Unable to emit headers. Headers sent in file=C:\xampp\htdocs\learneron\vendor\cakephp\cakephp\src\Error\Debugger.php line=754 in [C:\xampp\htdocs\learneron\vendor\cakephp\cakephp\src\Http\ResponseEmitter.php, line 48]
Request URL: /learneron/questions/post-question-submission/
Referer URL: http://localhost/learneron/post-question
Trace:
Cake\Error\BaseErrorHandler::handleError() - CORE\src\Error\BaseErrorHandler.php, line 146
Cake\Http\ResponseEmitter::emit() - CORE\src\Http\ResponseEmitter.php, line 48
Cake\Http\Server::emit() - CORE\src\Http\Server.php, line 116
[main] - ROOT\webroot\index.php, line 37



2018-03-25 12:03:43 Warning: Warning (2): Cannot modify header information - headers already sent by (output started at C:\xampp\htdocs\learneron\vendor\cakephp\cakephp\src\Error\Debugger.php:754) in [C:\xampp\htdocs\learneron\vendor\cakephp\cakephp\src\Http\ResponseEmitter.php, line 146]
Request URL: /learneron/questions/post-question-submission/
Referer URL: http://localhost/learneron/post-question
Trace:
Cake\Error\BaseErrorHandler::handleError() - CORE\src\Error\BaseErrorHandler.php, line 146
header - [internal], line ??
Cake\Http\ResponseEmitter::emitStatusLine() - CORE\src\Http\ResponseEmitter.php, line 146
Cake\Http\ResponseEmitter::emit() - CORE\src\Http\ResponseEmitter.php, line 54
Cake\Http\Server::emit() - CORE\src\Http\Server.php, line 116
[main] - ROOT\webroot\index.php, line 37



2018-03-25 12:03:43 Warning: Warning (2): Cannot modify header information - headers already sent by (output started at C:\xampp\htdocs\learneron\vendor\cakephp\cakephp\src\Error\Debugger.php:754) in [C:\xampp\htdocs\learneron\vendor\cakephp\cakephp\src\Http\ResponseEmitter.php, line 173]
Request URL: /learneron/questions/post-question-submission/
Referer URL: http://localhost/learneron/post-question
Trace:
Cake\Error\BaseErrorHandler::handleError() - CORE\src\Error\BaseErrorHandler.php, line 146
header - [internal], line ??
Cake\Http\ResponseEmitter::emitHeaders() - CORE\src\Http\ResponseEmitter.php, line 173
Cake\Http\ResponseEmitter::emit() - CORE\src\Http\ResponseEmitter.php, line 55
Cake\Http\Server::emit() - CORE\src\Http\Server.php, line 116
[main] - ROOT\webroot\index.php, line 37



